<?xml version="1.0" encoding="UTF-8"?>
<!-- Generated by org.testng.reporters.JUnitReportReporter -->
<testsuite skipped="0" hostname="IBM515-PC0EUKMW" name="Base.SignInPageTest" tests="1" failures="0" timestamp="12 Sep 2017 09:50:53 GMT" time="1.702" errors="0">
  <testcase name="verifySignInFunction" time="1.702" classname="Base.SignInPageTest"/>
</testsuite> <!-- Base.SignInPageTest -->
