<?xml version="1.0" encoding="UTF-8"?>
<!-- Generated by org.testng.reporters.JUnitReportReporter -->
<testsuite skipped="0" hostname="IBM515-PC0EUKMW" name="ScreenShot" tests="1" failures="0" timestamp="25 Aug 2017 09:46:02 GMT" time="8.805" errors="0">
  <testcase name="testMethod" time="8.805" classname="ScreenShot"/>
</testsuite> <!-- ScreenShot -->
