<?xml version="1.0" encoding="UTF-8"?>
<!-- Generated by org.testng.reporters.JUnitReportReporter -->
<testsuite skipped="0" hostname="IBM515-PC0EUKMW" name="PageFactory" tests="1" failures="0" timestamp="25 Aug 2017 14:05:56 GMT" time="2.440" errors="0">
  <testcase name="PagefactoryExample" time="2.440" classname="PageFactory"/>
</testsuite> <!-- PageFactory -->
