<?xml version="1.0" encoding="UTF-8"?>
<!-- Generated by org.testng.reporters.JUnitReportReporter -->
<testsuite skipped="0" hostname="IBM515-PC0EUKMW" name="Base.BasePageTest" tests="1" failures="0" timestamp="12 Sep 2017 09:50:53 GMT" time="0.028" errors="0">
  <testcase name="verifyHomePage" time="0.028" classname="Base.BasePageTest"/>
</testsuite> <!-- Base.BasePageTest -->
