<?xml version="1.0" encoding="UTF-8"?>
<!-- Generated by org.testng.reporters.JUnitReportReporter -->
<testsuite skipped="0" hostname="IBM515-PC0EUKMW" name="MouseHoverMenu" tests="1" failures="0" timestamp="30 Aug 2017 11:14:34 GMT" time="18.679" errors="0">
  <testcase name="PagefactoryExample" time="18.679" classname="MouseHoverMenu"/>
</testsuite> <!-- MouseHoverMenu -->
