<?xml version="1.0" encoding="UTF-8"?>
<!-- Generated by org.testng.reporters.JUnitReportReporter -->
<testsuite skipped="0" hostname="IBM515-PC0EUKMW" name="Keyboard" tests="1" failures="0" timestamp="29 Aug 2017 14:47:46 GMT" time="2.407" errors="0">
  <testcase name="PagefactoryExample" time="2.407" classname="Keyboard"/>
</testsuite> <!-- Keyboard -->
