<?xml version="1.0" encoding="UTF-8"?>
<!-- Generated by org.testng.reporters.JUnitReportReporter -->
<testsuite skipped="0" hostname="IBM515-PC0EUKMW" name="DragDrop" tests="1" failures="0" timestamp="30 Aug 2017 13:20:47 GMT" time="5.750" errors="0">
  <testcase name="DragDropExample" time="5.750" classname="DragDrop"/>
</testsuite> <!-- DragDrop -->
