<?xml version="1.0" encoding="UTF-8"?>
<!-- Generated by org.testng.reporters.JUnitReportReporter -->
<testsuite skipped="0" hostname="IBM515-PC0EUKMW" name="HolidaySearchTest" tests="1" failures="0" timestamp="12 Sep 2017 14:45:56 GMT" time="5.597" errors="0">
  <testcase name="verifyDsicoverTab" time="5.597" classname="HolidaySearchTest"/>
</testsuite> <!-- HolidaySearchTest -->
